This is XeTeXk, Version 3.141592-2.2-0.996-patch2 (Web2C 7.5.6) (format=xelatex 2010.1.14)  12 MAY 2010 02:12
entering extended mode
 %&-line parsing enabled.
**proj04Writeup.tex
(./proj04Writeup.tex
LaTeX2e <2005/12/01>
Babel <v3.8h> and hyphenation patterns for english, usenglishmax, dumylang, noh
yphenation, loaded.
(/usr/share/texmf-texlive/tex/latex/base/article.cls
Document Class: article 2005/09/16 v1.4f Standard LaTeX document class
(/usr/share/texmf-texlive/tex/latex/base/size12.clo
File: size12.clo 2005/09/16 v1.4f Standard LaTeX file (size option)
)
\c@part=\count79
\c@section=\count80
\c@subsection=\count81
\c@subsubsection=\count82
\c@paragraph=\count83
\c@subparagraph=\count84
\c@figure=\count85
\c@table=\count86
\abovecaptionskip=\skip41
\belowcaptionskip=\skip42
\bibindent=\dimen102
)
(/usr/share/texmf-texlive/tex/latex/geometry/geometry.sty
Package: geometry 2002/07/08 v3.2 Page Geometry

(/usr/share/texmf-texlive/tex/latex/graphics/keyval.sty
Package: keyval 1999/03/16 v1.13 key=value parser (DPC)
\KV@toks@=\toks14
)
\Gm@cnth=\count87
\Gm@cntv=\count88
\c@Gm@tempcnt=\count89
\Gm@bindingoffset=\dimen103
\Gm@wd@mp=\dimen104
\Gm@odd@mp=\dimen105
\Gm@even@mp=\dimen106
\Gm@dimlist=\toks15

(/usr/share/texmf-texlive/tex/xelatex/xetexconfig/geometry.cfg))
(/usr/share/texmf-texlive/tex/latex/eulervm/eulervm.sty
Package: eulervm 2005/01/11 v4.0 (WaS)
)
(/usr/share/texmf-texlive/tex/latex/setspace/setspace.sty
Package: setspace 2000/12/01 6.7 Contributed and Supported LaTeX2e package

Package: `setspace' 6.7 <2000/12/01>
) (/usr/share/texmf-texlive/tex/latex/fancyhdr/fancyhdr.sty
\fancy@headwidth=\skip43
\f@ncyO@elh=\skip44
\f@ncyO@erh=\skip45
\f@ncyO@olh=\skip46
\f@ncyO@orh=\skip47
\f@ncyO@elf=\skip48
\f@ncyO@erf=\skip49
\f@ncyO@olf=\skip50
\f@ncyO@orf=\skip51
)
(/home/joe/texmf/tex/xelatex/fontspec/fontspec.sty
Package: fontspec 2008/08/09 v1.18 Advanced font selection for XeLaTeX

(/usr/share/texmf-texlive/tex/generic/ifxetex/ifxetex.sty
Package: ifxetex 2006/08/21 v0.3 Provides ifxetex conditional
)
\c@zf@newff=\count90
\c@zf@index=\count91
\c@zf@script=\count92
\c@zf@language=\count93

(/usr/share/texmf-texlive/tex/latex/tools/calc.sty
Package: calc 2005/08/06 v4.2 Infix arithmetic (KKT,FJ)
\calc@Acount=\count94
\calc@Bcount=\count95
\calc@Adimen=\dimen107
\calc@Bdimen=\dimen108
\calc@Askip=\skip52
\calc@Bskip=\skip53
LaTeX Info: Redefining \setlength on input line 75.
LaTeX Info: Redefining \addtolength on input line 76.
\calc@Ccount=\count96
\calc@Cskip=\skip54
)
(/usr/share/texmf-texlive/tex/latex/xkeyval/xkeyval.sty
Package: xkeyval 2006/11/18 v2.5f package option processing (HA)

(/usr/share/texmf-texlive/tex/latex/xkeyval/xkeyval.tex
\XKV@toks=\toks16
\XKV@depth=\count97
File: xkeyval.tex 2006/11/18 v2.5f key=value parser (HA)
))
(/usr/share/texmf-texlive/tex/latex/base/fontenc.sty
Package: fontenc 2005/09/27 v1.99g Standard LaTeX package

(/usr/share/texmf-texlive/tex/xelatex/euenc/eu1enc.def
File: eu1enc.def 2006/08/13 v0.1a Experimental unicode font encoding
)
LaTeX Font Info:    Try loading font information for EU1+lmr on input line 100.


(/usr/share/texmf-texlive/tex/xelatex/euenc/lm/eu1lmr.fd
File: eu1lmr.fd 2007/01/14 v1.3 Font defs for Latin Modern
))
LaTeX Info: Redefining \itshape on input line 1164.
LaTeX Info: Redefining \slshape on input line 1167.
LaTeX Info: Redefining \scshape on input line 1170.
LaTeX Info: Redefining \upshape on input line 1173.

fontspec.cfg loaded.
(/usr/share/texmf-texlive/tex/xelatex/fontspec/fontspec.cfg))
(/usr/share/texmf-texlive/tex/xelatex/xunicode/xunicode.sty
File: xunicode.sty 2005/02/26 v0.5 provides access to latin accents and many ot
her characters in Unicode lower plane
)
(/usr/share/texmf-texlive/tex/xelatex/xltxtra/xltxtra.sty
Package: xltxtra 2006/06/13 v0.2 Improvements for the XeTeX/LaTeX format

(/usr/share/texmf-texlive/tex/latex/graphics/graphicx.sty
Package: graphicx 1999/02/16 v1.0f Enhanced LaTeX Graphics (DPC,SPQR)

(/usr/share/texmf-texlive/tex/latex/graphics/graphics.sty
Package: graphics 2006/02/20 v1.0o Standard LaTeX Graphics (DPC,SPQR)

(/usr/share/texmf-texlive/tex/latex/graphics/trig.sty
Package: trig 1999/03/16 v1.09 sin cos tan (DPC)
)
(/etc/texmf/tex/latex/config/graphics.cfg
File: graphics.cfg 2007/01/18 v1.5 graphics configuration of teTeX/TeXLive
)
Package graphics Info: Driver file: xetex.def on input line 90.

(/usr/share/texmf-texlive/tex/xelatex/graphics/xetex.def
File: xetex.def 2006/08/10 v0.92 LaTeX color/graphics driver for XeTeX (RRM, mo
d. JK)
))
\Gin@req@height=\dimen109
\Gin@req@width=\dimen110
)
\xxt@kern@Te=\skip55
\xxt@kern@eX=\skip56
\xxt@lower@e=\skip57
\xxt@kern@La=\skip58
\xxt@kern@aT=\skip59
\xxt@kern@eL=\skip60
LaTeX Info: Redefining \TeX on input line 36.
LaTeX Info: Redefining \LaTeX on input line 42.

(/usr/share/texmf-texlive/tex/latex/etex/etex.sty
Package: etex 1998/03/26 v2.0 eTeX basic definition package (PEB)
\et@xins=\count98
)
(/usr/share/texmf-texlive/tex/latex/base/fixltx2e.sty
Package: fixltx2e 2006/03/24 v1.1n fixes to LaTeX
LaTeX Info: Redefining \em on input line 420.
)
LaTeX Info: Redefining \em on input line 101.
LaTeX Info: Redefining \emph on input line 110.
LaTeX Info: Redefining \- on input line 115.
LaTeX Info: Redefining \textsubscript on input line 125.
LaTeX Info: Redefining \textsuperscript on input line 154.
)
(/usr/share/texmf-texlive/tex/latex/ltxmisc/underscore.sty
Package: underscore 2006/09/13
LaTeX Info: Redefining \_ on input line 42.
)
Package fontspec Info: Adobe Garamond Pro scale = 1.08565 on input line 34.
\c@zf@famc@Adobe Garamond Pro=\count99
Package fontspec Info: Defining font family for 'Adobe Garamond Pro' with optio
ns [Scale=MatchLowercase,Mapping=tex-text,Ligatures={Common}] on input line 34.

Package fontspec Info: Adobe Garamond Pro scale = 1.08565 on input line 34.
Package fontspec Info: Adobe Garamond Pro scale = 1.08565 on input line 34.
Package fontspec Info: Adobe Garamond Pro/B scale = 1.08565 on input line 34.
Package fontspec Info: Adobe Garamond Pro/B scale = 1.08565 on input line 34.
Package fontspec Info: Adobe Garamond Pro/I scale = 1.05637 on input line 34.
Package fontspec Info: Adobe Garamond Pro/BI scale = 1.05637 on input line 34.
LaTeX Font Info:    Font shape `EU1/AdobeGaramondPro(0)/m/n' will be
(Font)              scaled to size 10.85648pt on input line 34.
Package fontspec Info: Akzidenz Grotesk Roman scale = 0.90167 on input line 35.

\c@zf@famc@Akzidenz Grotesk Roman=\count100
Package fontspec Info: Defining font family for 'Akzidenz Grotesk Roman' with o
ptions [Scale=MatchLowercase,Mapping=tex-text,] on input line 35.
Package fontspec Info: Akzidenz Grotesk Roman scale = 0.90167 on input line 35.

Package fontspec Info: Akzidenz Grotesk Roman/B scale = 0.81015 on input line 3
5.
Package fontspec Info: Could not resolve font Akzidenz Grotesk Roman/I (it migh
t not exist) on input line 35.
Package fontspec Info: Akzidenz Grotesk Roman/BI scale = 0.81015 on input line 
35.
Package fontspec Info: Consolas scale = 0.87918 on input line 36.
\c@zf@famc@Consolas=\count101
Package fontspec Info: Defining font family for 'Consolas' with options [Scale=
MatchLowercase,Mapping=tex-text,Scale=0.8] on input line 36.
Package fontspec Info: Consolas scale = 0.87918 on input line 36.
Package fontspec Info: Consolas/B scale = 0.86879 on input line 36.
Package fontspec Info: Consolas/I scale = 0.87918 on input line 36.
Package fontspec Info: Consolas/BI scale = 0.86879 on input line 36.

(/usr/share/texmf-texlive/tex/latex/sectsty/sectsty.sty
Package: sectsty 2002/02/25 v2.0.2 Commands to change all sectional heading sty
les
) (./proj04Writeup.aux)
\openout1 = `proj04Writeup.aux'.

LaTeX Font Info:    Checking defaults for OML/cmm/m/it on input line 51.
LaTeX Font Info:    ... okay on input line 51.
LaTeX Font Info:    Checking defaults for T1/cmr/m/n on input line 51.
LaTeX Font Info:    ... okay on input line 51.
LaTeX Font Info:    Checking defaults for OT1/cmr/m/n on input line 51.
LaTeX Font Info:    ... okay on input line 51.
LaTeX Font Info:    Checking defaults for OMS/cmsy/m/n on input line 51.
LaTeX Font Info:    ... okay on input line 51.
LaTeX Font Info:    Checking defaults for OMX/cmex/m/n on input line 51.
LaTeX Font Info:    ... okay on input line 51.
LaTeX Font Info:    Checking defaults for U/cmr/m/n on input line 51.
LaTeX Font Info:    ... okay on input line 51.
LaTeX Font Info:    Checking defaults for EU1/lmr/m/n on input line 51.
LaTeX Font Info:    ... okay on input line 51.
LaTeX Font Info:    Font shape `EU1/AdobeGaramondPro(0)/m/n' will be
(Font)              scaled to size 13.02777pt on input line 51.
-------------------- Geometry parameters
paper: letterpaper
landscape: --
twocolumn: --
twoside: --
asymmetric: --
h-parts: 72.26999pt, 469.75502pt, 72.26999pt
v-parts: 115.63243pt, 657.65634pt, 21.68121pt
hmarginratio: --
vmarginratio: --
lines: --
heightrounded: --
bindingoffset: 0.0pt
truedimen: --
includehead: --
includefoot: --
includemp: --
driver: pdftex
-------------------- Page layout dimensions and switches
\paperwidth  614.295pt
\paperheight 794.96999pt
\textwidth  469.75502pt
\textheight 657.65634pt
\oddsidemargin  0.0pt
\evensidemargin 0.0pt
\topmargin  6.36244pt
\headheight 15.2pt
\headsep    12.0pt
\footskip   30.0pt
\marginparwidth 44.0pt
\marginparsep   10.0pt
\columnsep  10.0pt
\skip\footins  10.8pt plus 4.0pt minus 2.0pt
\hoffset 0.0pt
\voffset -36.135pt
\mag 1000

(1in=72.27pt, 1cm=28.45pt)
-----------------------
\big@size=\dimen111

(./title.tex [1

])
LaTeX Font Info:    Font shape `EU1/AdobeGaramondPro(0)/m/n' will be
(Font)              scaled to size 18.75998pt on input line 56.
LaTeX Font Info:    Font shape `EU1/AdobeGaramondPro(0)/bx/n' will be
(Font)              scaled to size 18.75998pt on input line 56.
LaTeX Font Info:    Font shape `EU1/AkzidenzGroteskRoman(0)/bx/n' will be
(Font)              scaled to size 13.99939pt on input line 56.
LaTeX Font Info:    Font shape `EU1/AkzidenzGroteskRoman(0)/m/n' will be
(Font)              scaled to size 15.58089pt on input line 56.
LaTeX Font Info:    Font shape `EU1/AkzidenzGroteskRoman(0)/m/n' will be
(Font)              scaled to size 12.98407pt on input line 56.
LaTeX Font Info:    Font shape `EU1/Consolas(0)/m/n' will be
(Font)              scaled to size 9.60004pt on input line 60.
 [1] (./proj04Writeup.aux) ) 
Here is how much of TeX's memory you used:
 5563 strings out of 95791
 90567 string characters out of 1190541
 165614 words of memory out of 1500000
 8610 multiletter control sequences out of 10000+50000
 4114 words of font info for 37 fonts, out of 1200000 for 2000
 28 hyphenation exceptions out of 8191
 33i,10n,68p,332b,283s stack positions out of 5000i,500n,6000p,200000b,5000s

Output written on proj04Writeup.pdf (2 pages).
